TN:
SF:src/service.ts
FN:14,(anonymous_0)
FN:94,(anonymous_1)
FN:250,(anonymous_2)
FN:319,(anonymous_3)
FNF:4
FNH:4
FNDA:15,(anonymous_0)
FNDA:26,(anonymous_1)
FNDA:12,(anonymous_2)
FNDA:8,(anonymous_3)
DA:14,4
DA:15,15
DA:16,15
DA:19,15
DA:22,15
DA:23,1
DA:28,15
DA:29,2
DA:32,13
DA:33,1
DA:39,12
DA:40,1
DA:41,1
DA:42,1
DA:45,11
DA:46,1
DA:47,1
DA:50,10
DA:51,1
DA:57,15
DA:91,14
DA:94,4
DA:95,26
DA:98,26
DA:101,26
DA:102,4
DA:106,26
DA:107,3
DA:117,26
DA:121,9
DA:139,17
DA:143,8
DA:192,9
DA:196,9
DA:247,23
DA:250,4
DA:251,12
DA:254,12
DA:257,12
DA:258,2
DA:262,12
DA:263,1
DA:264,1
DA:268,12
DA:306,12
DA:311,12
DA:316,11
DA:319,4
DA:322,8
DA:326,8
DA:341,7
LF:51
LH:51
BRDA:22,0,0,1
BRDA:22,0,1,14
BRDA:28,1,0,2
BRDA:28,1,1,13
BRDA:32,2,0,1
BRDA:32,2,1,12
BRDA:32,3,0,13
BRDA:32,3,1,1
BRDA:39,4,0,1
BRDA:39,4,1,11
BRDA:39,5,0,12
BRDA:39,5,1,3
BRDA:39,5,2,2
BRDA:45,6,0,1
BRDA:45,6,1,10
BRDA:45,7,0,11
BRDA:45,7,1,2
BRDA:50,8,0,1
BRDA:50,8,1,9
BRDA:101,9,0,4
BRDA:101,9,1,22
BRDA:106,10,0,3
BRDA:106,10,1,23
BRDA:106,11,0,26
BRDA:106,11,1,3
BRDA:117,12,0,9
BRDA:117,12,1,17
BRDA:139,13,0,8
BRDA:139,13,1,9
BRDA:158,14,0,1
BRDA:158,14,1,7
BRDA:180,15,0,1
BRDA:180,15,1,7
BRDA:192,16,0,9
BRDA:192,16,1,0
BRDA:211,17,0,2
BRDA:211,17,1,7
BRDA:233,18,0,2
BRDA:233,18,1,7
BRDA:257,19,0,2
BRDA:257,19,1,10
BRDA:262,20,0,1
BRDA:262,20,1,11
BRDA:262,21,0,12
BRDA:262,21,1,1
BRDA:308,22,0,2
BRDA:308,22,1,10
BRF:47
BRH:46
end_of_record
TN:
SF:src/utils/helper.ts
FN:11,(anonymous_0)
FN:20,(anonymous_1)
FN:25,(anonymous_2)
FNF:3
FNH:3
FNDA:8,(anonymous_0)
FNDA:11,(anonymous_1)
FNDA:10,(anonymous_2)
DA:11,1
DA:12,8
DA:13,8
DA:16,8
DA:20,1
DA:21,11
DA:23,11
DA:24,8
DA:25,10
DA:27,8
DA:30,3
LF:11
LH:11
BRDA:23,0,0,8
BRDA:23,0,1,3
BRF:2
BRH:2
end_of_record
